<?xml version="1.0" encoding="UTF-8"?>
<!-- Generated by org.testng.reporters.JUnitReportReporter -->
<testsuite hostname="DESKTOP-VF8P5L1" failures="0" tests="9" name="com.qa.restapi.testcase.rest_api_allempGET" time="0.400" errors="0" timestamp="18 Dec 2021 12:11:45 GMT" skipped="0">
  <testcase classname="com.qa.restapi.testcase.rest_api_allempGET" name="checkcontentEncoding" time="0.005"/>
  <testcase classname="com.qa.restapi.testcase.rest_api_allempGET" name="checkstatusLine" time="0.067"/>
  <testcase classname="com.qa.restapi.testcase.rest_api_allempGET" name="checkContentLenght" time="0.022"/>
  <testcase classname="com.qa.restapi.testcase.rest_api_allempGET" name="checkResponseTime" time="0.015"/>
  <testcase classname="com.qa.restapi.testcase.rest_api_allempGET" name="checkStatusCode" time="0.021"/>
  <testcase classname="com.qa.restapi.testcase.rest_api_allempGET" name="checkResposeBody" time="0.240"/>
  <testcase classname="com.qa.restapi.testcase.rest_api_allempGET" name="checkserverType" time="0.008"/>
  <testcase classname="com.qa.restapi.testcase.rest_api_allempGET" name="checkCookies" time="0.010"/>
  <testcase classname="com.qa.restapi.testcase.rest_api_allempGET" name="checkContentType" time="0.012"/>
</testsuite> <!-- com.qa.restapi.testcase.rest_api_allempGET -->
