<?xml version="1.0" encoding="UTF-8"?>
<!-- Generated by org.testng.reporters.JUnitReportReporter -->
<testsuite hostname="DESKTOP-VF8P5L1" failures="0" tests="7" name="com.qa.restapi.testcase.rest_api_singleempGET" time="0.064" errors="0" timestamp="18 Dec 2021 12:24:35 GMT" skipped="0">
  <testcase classname="com.qa.restapi.testcase.rest_api_singleempGET" name="checkStatusCode" time="0.002"/>
  <testcase classname="com.qa.restapi.testcase.rest_api_singleempGET" name="checkserverType" time="0.003"/>
  <testcase classname="com.qa.restapi.testcase.rest_api_singleempGET" name="checkResposeBody" time="0.032"/>
  <testcase classname="com.qa.restapi.testcase.rest_api_singleempGET" name="checkContentType" time="0.003"/>
  <testcase classname="com.qa.restapi.testcase.rest_api_singleempGET" name="checkContentLenght" time="0.013"/>
  <testcase classname="com.qa.restapi.testcase.rest_api_singleempGET" name="checkResponseTime" time="0.006"/>
  <testcase classname="com.qa.restapi.testcase.rest_api_singleempGET" name="checkstatusLine" time="0.005"/>
</testsuite> <!-- com.qa.restapi.testcase.rest_api_singleempGET -->
